<?xml version="1.0" encoding="UTF-8"?>
<!-- Generated by org.testng.reporters.JUnitXMLReporter -->
<testsuite hostname="Afsar-PC" name="Default test" tests="3" failures="0" timestamp="27 Nov 2017 17:25:46 GMT" time="56.52" errors="0">
  <testcase name="LoginFunctionality" time="15.46" classname="com.afsar.framework.tests.LoginTest"/>
  <testcase name="LoginFunctionality1" time="13.387" classname="com.afsar.framework.tests.LoginTest"/>
  <testcase name="LoginFunctionality2" time="13.668" classname="com.afsar.framework.tests.LoginTest"/>
</testsuite> <!-- Default test -->
